<?xml version="1.0" encoding="UTF-8"?>
<testsuite xmlns:xsi="http://www.w3.org/2001/XMLSchema-instance" xsi:noNamespaceSchemaLocation="https://maven.apache.org/surefire/maven-surefire-plugin/xsd/surefire-test-report-3.0.xsd" version="3.0" name="com.redpharm.takehomechallenge.integration_tests.GitHubIntegrationTest" time="2.719" tests="3" errors="0" skipped="0" failures="0">
  <properties>
    <property name="java.specification.version" value="18"/>
    <property name="sun.jnu.encoding" value="UTF-8"/>
    <property name="java.class.path" value="/Users/ifeanyionyejekwe/Downloads/take-home-challenge/target/test-classes:/Users/ifeanyionyejekwe/Downloads/take-home-challenge/target/classes:/Users/ifeanyionyejekwe/.m2/repository/org/springframework/boot/spring-boot-starter-cache/3.1.5/spring-boot-starter-cache-3.1.5.jar:/Users/ifeanyionyejekwe/.m2/repository/org/springframework/boot/spring-boot-starter/3.1.5/spring-boot-starter-3.1.5.jar:/Users/ifeanyionyejekwe/.m2/repository/org/springframework/boot/spring-boot/3.1.5/spring-boot-3.1.5.jar:/Users/ifeanyionyejekwe/.m2/repository/org/springframework/boot/spring-boot-autoconfigure/3.1.5/spring-boot-autoconfigure-3.1.5.jar:/Users/ifeanyionyejekwe/.m2/repository/org/springframework/boot/spring-boot-starter-logging/3.1.5/spring-boot-starter-logging-3.1.5.jar:/Users/ifeanyionyejekwe/.m2/repository/ch/qos/logback/logback-classic/1.4.11/logback-classic-1.4.11.jar:/Users/ifeanyionyejekwe/.m2/repository/ch/qos/logback/logback-core/1.4.11/logback-core-1.4.11.jar:/Users/ifeanyionyejekwe/.m2/repository/org/apache/logging/log4j/log4j-to-slf4j/2.20.0/log4j-to-slf4j-2.20.0.jar:/Users/ifeanyionyejekwe/.m2/repository/org/apache/logging/log4j/log4j-api/2.20.0/log4j-api-2.20.0.jar:/Users/ifeanyionyejekwe/.m2/repository/org/slf4j/jul-to-slf4j/2.0.9/jul-to-slf4j-2.0.9.jar:/Users/ifeanyionyejekwe/.m2/repository/jakarta/annotation/jakarta.annotation-api/2.1.1/jakarta.annotation-api-2.1.1.jar:/Users/ifeanyionyejekwe/.m2/repository/org/yaml/snakeyaml/1.33/snakeyaml-1.33.jar:/Users/ifeanyionyejekwe/.m2/repository/org/springframework/spring-context-support/6.0.13/spring-context-support-6.0.13.jar:/Users/ifeanyionyejekwe/.m2/repository/org/springframework/spring-beans/6.0.13/spring-beans-6.0.13.jar:/Users/ifeanyionyejekwe/.m2/repository/org/springframework/spring-context/6.0.13/spring-context-6.0.13.jar:/Users/ifeanyionyejekwe/.m2/repository/org/springframework/spring-expression/6.0.13/spring-expression-6.0.13.jar:/Users/ifeanyionyejekwe/.m2/repository/org/springframework/boot/spring-boot-starter-data-redis/3.1.5/spring-boot-starter-data-redis-3.1.5.jar:/Users/ifeanyionyejekwe/.m2/repository/org/springframework/data/spring-data-redis/3.1.5/spring-data-redis-3.1.5.jar:/Users/ifeanyionyejekwe/.m2/repository/org/springframework/data/spring-data-keyvalue/3.1.5/spring-data-keyvalue-3.1.5.jar:/Users/ifeanyionyejekwe/.m2/repository/org/springframework/spring-tx/6.0.13/spring-tx-6.0.13.jar:/Users/ifeanyionyejekwe/.m2/repository/org/springframework/spring-oxm/6.0.13/spring-oxm-6.0.13.jar:/Users/ifeanyionyejekwe/.m2/repository/org/springframework/spring-aop/6.0.13/spring-aop-6.0.13.jar:/Users/ifeanyionyejekwe/.m2/repository/io/lettuce/lettuce-core/6.2.6.RELEASE/lettuce-core-6.2.6.RELEASE.jar:/Users/ifeanyionyejekwe/.m2/repository/io/netty/netty-common/4.1.100.Final/netty-common-4.1.100.Final.jar:/Users/ifeanyionyejekwe/.m2/repository/io/netty/netty-handler/4.1.100.Final/netty-handler-4.1.100.Final.jar:/Users/ifeanyionyejekwe/.m2/repository/io/netty/netty-resolver/4.1.100.Final/netty-resolver-4.1.100.Final.jar:/Users/ifeanyionyejekwe/.m2/repository/io/netty/netty-buffer/4.1.100.Final/netty-buffer-4.1.100.Final.jar:/Users/ifeanyionyejekwe/.m2/repository/io/netty/netty-transport-native-unix-common/4.1.100.Final/netty-transport-native-unix-common-4.1.100.Final.jar:/Users/ifeanyionyejekwe/.m2/repository/io/netty/netty-codec/4.1.100.Final/netty-codec-4.1.100.Final.jar:/Users/ifeanyionyejekwe/.m2/repository/io/netty/netty-transport/4.1.100.Final/netty-transport-4.1.100.Final.jar:/Users/ifeanyionyejekwe/.m2/repository/org/springframework/boot/spring-boot-starter-data-jpa/3.1.5/spring-boot-starter-data-jpa-3.1.5.jar:/Users/ifeanyionyejekwe/.m2/repository/org/springframework/boot/spring-boot-starter-aop/3.1.5/spring-boot-starter-aop-3.1.5.jar:/Users/ifeanyionyejekwe/.m2/repository/org/aspectj/aspectjweaver/1.9.20/aspectjweaver-1.9.20.jar:/Users/ifeanyionyejekwe/.m2/repository/org/springframework/boot/spring-boot-starter-jdbc/3.1.5/spring-boot-starter-jdbc-3.1.5.jar:/Users/ifeanyionyejekwe/.m2/repository/com/zaxxer/HikariCP/5.0.1/HikariCP-5.0.1.jar:/Users/ifeanyionyejekwe/.m2/repository/org/springframework/spring-jdbc/6.0.13/spring-jdbc-6.0.13.jar:/Users/ifeanyionyejekwe/.m2/repository/org/hibernate/orm/hibernate-core/6.2.13.Final/hibernate-core-6.2.13.Final.jar:/Users/ifeanyionyejekwe/.m2/repository/jakarta/persistence/jakarta.persistence-api/3.1.0/jakarta.persistence-api-3.1.0.jar:/Users/ifeanyionyejekwe/.m2/repository/jakarta/transaction/jakarta.transaction-api/2.0.1/jakarta.transaction-api-2.0.1.jar:/Users/ifeanyionyejekwe/.m2/repository/org/jboss/logging/jboss-logging/3.5.3.Final/jboss-logging-3.5.3.Final.jar:/Users/ifeanyionyejekwe/.m2/repository/org/hibernate/common/hibernate-commons-annotations/6.0.6.Final/hibernate-commons-annotations-6.0.6.Final.jar:/Users/ifeanyionyejekwe/.m2/repository/io/smallrye/jandex/3.0.5/jandex-3.0.5.jar:/Users/ifeanyionyejekwe/.m2/repository/com/fasterxml/classmate/1.5.1/classmate-1.5.1.jar:/Users/ifeanyionyejekwe/.m2/repository/net/bytebuddy/byte-buddy/1.14.9/byte-buddy-1.14.9.jar:/Users/ifeanyionyejekwe/.m2/repository/org/glassfish/jaxb/jaxb-runtime/4.0.3/jaxb-runtime-4.0.3.jar:/Users/ifeanyionyejekwe/.m2/repository/org/glassfish/jaxb/jaxb-core/4.0.3/jaxb-core-4.0.3.jar:/Users/ifeanyionyejekwe/.m2/repository/org/eclipse/angus/angus-activation/2.0.1/angus-activation-2.0.1.jar:/Users/ifeanyionyejekwe/.m2/repository/org/glassfish/jaxb/txw2/4.0.3/txw2-4.0.3.jar:/Users/ifeanyionyejekwe/.m2/repository/com/sun/istack/istack-commons-runtime/4.1.2/istack-commons-runtime-4.1.2.jar:/Users/ifeanyionyejekwe/.m2/repository/jakarta/inject/jakarta.inject-api/2.0.1/jakarta.inject-api-2.0.1.jar:/Users/ifeanyionyejekwe/.m2/repository/org/antlr/antlr4-runtime/4.10.1/antlr4-runtime-4.10.1.jar:/Users/ifeanyionyejekwe/.m2/repository/org/springframework/data/spring-data-jpa/3.1.5/spring-data-jpa-3.1.5.jar:/Users/ifeanyionyejekwe/.m2/repository/org/springframework/data/spring-data-commons/3.1.5/spring-data-commons-3.1.5.jar:/Users/ifeanyionyejekwe/.m2/repository/org/springframework/spring-orm/6.0.13/spring-orm-6.0.13.jar:/Users/ifeanyionyejekwe/.m2/repository/org/springframework/spring-aspects/6.0.13/spring-aspects-6.0.13.jar:/Users/ifeanyionyejekwe/.m2/repository/org/springframework/boot/spring-boot-starter-webflux/3.1.5/spring-boot-starter-webflux-3.1.5.jar:/Users/ifeanyionyejekwe/.m2/repository/org/springframework/boot/spring-boot-starter-json/3.1.5/spring-boot-starter-json-3.1.5.jar:/Users/ifeanyionyejekwe/.m2/repository/com/fasterxml/jackson/core/jackson-databind/2.15.3/jackson-databind-2.15.3.jar:/Users/ifeanyionyejekwe/.m2/repository/com/fasterxml/jackson/core/jackson-annotations/2.15.3/jackson-annotations-2.15.3.jar:/Users/ifeanyionyejekwe/.m2/repository/com/fasterxml/jackson/core/jackson-core/2.15.3/jackson-core-2.15.3.jar:/Users/ifeanyionyejekwe/.m2/repository/com/fasterxml/jackson/datatype/jackson-datatype-jdk8/2.15.3/jackson-datatype-jdk8-2.15.3.jar:/Users/ifeanyionyejekwe/.m2/repository/com/fasterxml/jackson/datatype/jackson-datatype-jsr310/2.15.3/jackson-datatype-jsr310-2.15.3.jar:/Users/ifeanyionyejekwe/.m2/repository/com/fasterxml/jackson/module/jackson-module-parameter-names/2.15.3/jackson-module-parameter-names-2.15.3.jar:/Users/ifeanyionyejekwe/.m2/repository/org/springframework/boot/spring-boot-starter-reactor-netty/3.1.5/spring-boot-starter-reactor-netty-3.1.5.jar:/Users/ifeanyionyejekwe/.m2/repository/io/projectreactor/netty/reactor-netty-http/1.1.12/reactor-netty-http-1.1.12.jar:/Users/ifeanyionyejekwe/.m2/repository/io/netty/netty-codec-http/4.1.100.Final/netty-codec-http-4.1.100.Final.jar:/Users/ifeanyionyejekwe/.m2/repository/io/netty/netty-codec-http2/4.1.100.Final/netty-codec-http2-4.1.100.Final.jar:/Users/ifeanyionyejekwe/.m2/repository/io/netty/netty-resolver-dns/4.1.100.Final/netty-resolver-dns-4.1.100.Final.jar:/Users/ifeanyionyejekwe/.m2/repository/io/netty/netty-codec-dns/4.1.100.Final/netty-codec-dns-4.1.100.Final.jar:/Users/ifeanyionyejekwe/.m2/repository/io/netty/netty-resolver-dns-native-macos/4.1.100.Final/netty-resolver-dns-native-macos-4.1.100.Final-osx-x86_64.jar:/Users/ifeanyionyejekwe/.m2/repository/io/netty/netty-resolver-dns-classes-macos/4.1.100.Final/netty-resolver-dns-classes-macos-4.1.100.Final.jar:/Users/ifeanyionyejekwe/.m2/repository/io/netty/netty-transport-native-epoll/4.1.100.Final/netty-transport-native-epoll-4.1.100.Final-linux-x86_64.jar:/Users/ifeanyionyejekwe/.m2/repository/io/netty/netty-transport-classes-epoll/4.1.100.Final/netty-transport-classes-epoll-4.1.100.Final.jar:/Users/ifeanyionyejekwe/.m2/repository/io/projectreactor/netty/reactor-netty-core/1.1.12/reactor-netty-core-1.1.12.jar:/Users/ifeanyionyejekwe/.m2/repository/io/netty/netty-handler-proxy/4.1.100.Final/netty-handler-proxy-4.1.100.Final.jar:/Users/ifeanyionyejekwe/.m2/repository/io/netty/netty-codec-socks/4.1.100.Final/netty-codec-socks-4.1.100.Final.jar:/Users/ifeanyionyejekwe/.m2/repository/org/springframework/spring-web/6.0.13/spring-web-6.0.13.jar:/Users/ifeanyionyejekwe/.m2/repository/io/micrometer/micrometer-observation/1.11.5/micrometer-observation-1.11.5.jar:/Users/ifeanyionyejekwe/.m2/repository/io/micrometer/micrometer-commons/1.11.5/micrometer-commons-1.11.5.jar:/Users/ifeanyionyejekwe/.m2/repository/org/springframework/spring-webflux/6.0.13/spring-webflux-6.0.13.jar:/Users/ifeanyionyejekwe/.m2/repository/io/projectreactor/reactor-test/3.5.11/reactor-test-3.5.11.jar:/Users/ifeanyionyejekwe/.m2/repository/io/projectreactor/reactor-core/3.5.11/reactor-core-3.5.11.jar:/Users/ifeanyionyejekwe/.m2/repository/org/reactivestreams/reactive-streams/1.0.4/reactive-streams-1.0.4.jar:/Users/ifeanyionyejekwe/.m2/repository/com/h2database/h2/2.1.214/h2-2.1.214.jar:/Users/ifeanyionyejekwe/.m2/repository/io/github/resilience4j/resilience4j-spring-boot3/2.1.0/resilience4j-spring-boot3-2.1.0.jar:/Users/ifeanyionyejekwe/.m2/repository/io/github/resilience4j/resilience4j-spring6/2.1.0/resilience4j-spring6-2.1.0.jar:/Users/ifeanyionyejekwe/.m2/repository/io/github/resilience4j/resilience4j-annotations/2.1.0/resilience4j-annotations-2.1.0.jar:/Users/ifeanyionyejekwe/.m2/repository/io/github/resilience4j/resilience4j-consumer/2.1.0/resilience4j-consumer-2.1.0.jar:/Users/ifeanyionyejekwe/.m2/repository/io/github/resilience4j/resilience4j-circularbuffer/2.1.0/resilience4j-circularbuffer-2.1.0.jar:/Users/ifeanyionyejekwe/.m2/repository/io/github/resilience4j/resilience4j-framework-common/2.1.0/resilience4j-framework-common-2.1.0.jar:/Users/ifeanyionyejekwe/.m2/repository/org/slf4j/slf4j-api/2.0.9/slf4j-api-2.0.9.jar:/Users/ifeanyionyejekwe/.m2/repository/io/github/resilience4j/resilience4j-micrometer/2.1.0/resilience4j-micrometer-2.1.0.jar:/Users/ifeanyionyejekwe/.m2/repository/io/micrometer/micrometer-core/1.11.5/micrometer-core-1.11.5.jar:/Users/ifeanyionyejekwe/.m2/repository/org/hdrhistogram/HdrHistogram/2.1.12/HdrHistogram-2.1.12.jar:/Users/ifeanyionyejekwe/.m2/repository/org/latencyutils/LatencyUtils/2.0.3/LatencyUtils-2.0.3.jar:/Users/ifeanyionyejekwe/.m2/repository/io/github/resilience4j/resilience4j-circuitbreaker/2.1.0/resilience4j-circuitbreaker-2.1.0.jar:/Users/ifeanyionyejekwe/.m2/repository/io/github/resilience4j/resilience4j-core/2.1.0/resilience4j-core-2.1.0.jar:/Users/ifeanyionyejekwe/.m2/repository/io/github/resilience4j/resilience4j-reactor/2.1.0/resilience4j-reactor-2.1.0.jar:/Users/ifeanyionyejekwe/.m2/repository/io/github/resilience4j/resilience4j-ratelimiter/2.1.0/resilience4j-ratelimiter-2.1.0.jar:/Users/ifeanyionyejekwe/.m2/repository/io/github/resilience4j/resilience4j-timelimiter/2.1.0/resilience4j-timelimiter-2.1.0.jar:/Users/ifeanyionyejekwe/.m2/repository/io/github/resilience4j/resilience4j-bulkhead/2.1.0/resilience4j-bulkhead-2.1.0.jar:/Users/ifeanyionyejekwe/.m2/repository/io/github/resilience4j/resilience4j-retry/2.1.0/resilience4j-retry-2.1.0.jar:/Users/ifeanyionyejekwe/.m2/repository/org/projectlombok/lombok/1.18.30/lombok-1.18.30.jar:/Users/ifeanyionyejekwe/.m2/repository/org/springframework/boot/spring-boot-starter-test/3.1.5/spring-boot-starter-test-3.1.5.jar:/Users/ifeanyionyejekwe/.m2/repository/org/springframework/boot/spring-boot-test/3.1.5/spring-boot-test-3.1.5.jar:/Users/ifeanyionyejekwe/.m2/repository/org/springframework/boot/spring-boot-test-autoconfigure/3.1.5/spring-boot-test-autoconfigure-3.1.5.jar:/Users/ifeanyionyejekwe/.m2/repository/com/jayway/jsonpath/json-path/2.8.0/json-path-2.8.0.jar:/Users/ifeanyionyejekwe/.m2/repository/jakarta/xml/bind/jakarta.xml.bind-api/4.0.1/jakarta.xml.bind-api-4.0.1.jar:/Users/ifeanyionyejekwe/.m2/repository/jakarta/activation/jakarta.activation-api/2.1.2/jakarta.activation-api-2.1.2.jar:/Users/ifeanyionyejekwe/.m2/repository/net/minidev/json-smart/2.4.11/json-smart-2.4.11.jar:/Users/ifeanyionyejekwe/.m2/repository/net/minidev/accessors-smart/2.4.11/accessors-smart-2.4.11.jar:/Users/ifeanyionyejekwe/.m2/repository/org/ow2/asm/asm/9.3/asm-9.3.jar:/Users/ifeanyionyejekwe/.m2/repository/org/assertj/assertj-core/3.24.2/assertj-core-3.24.2.jar:/Users/ifeanyionyejekwe/.m2/repository/org/hamcrest/hamcrest/2.2/hamcrest-2.2.jar:/Users/ifeanyionyejekwe/.m2/repository/org/junit/jupiter/junit-jupiter/5.9.3/junit-jupiter-5.9.3.jar:/Users/ifeanyionyejekwe/.m2/repository/org/junit/jupiter/junit-jupiter-api/5.9.3/junit-jupiter-api-5.9.3.jar:/Users/ifeanyionyejekwe/.m2/repository/org/opentest4j/opentest4j/1.2.0/opentest4j-1.2.0.jar:/Users/ifeanyionyejekwe/.m2/repository/org/junit/platform/junit-platform-commons/1.9.3/junit-platform-commons-1.9.3.jar:/Users/ifeanyionyejekwe/.m2/repository/org/apiguardian/apiguardian-api/1.1.2/apiguardian-api-1.1.2.jar:/Users/ifeanyionyejekwe/.m2/repository/org/junit/jupiter/junit-jupiter-params/5.9.3/junit-jupiter-params-5.9.3.jar:/Users/ifeanyionyejekwe/.m2/repository/org/junit/jupiter/junit-jupiter-engine/5.9.3/junit-jupiter-engine-5.9.3.jar:/Users/ifeanyionyejekwe/.m2/repository/org/junit/platform/junit-platform-engine/1.9.3/junit-platform-engine-1.9.3.jar:/Users/ifeanyionyejekwe/.m2/repository/org/mockito/mockito-core/5.3.1/mockito-core-5.3.1.jar:/Users/ifeanyionyejekwe/.m2/repository/net/bytebuddy/byte-buddy-agent/1.14.9/byte-buddy-agent-1.14.9.jar:/Users/ifeanyionyejekwe/.m2/repository/org/objenesis/objenesis/3.3/objenesis-3.3.jar:/Users/ifeanyionyejekwe/.m2/repository/org/mockito/mockito-junit-jupiter/5.3.1/mockito-junit-jupiter-5.3.1.jar:/Users/ifeanyionyejekwe/.m2/repository/org/skyscreamer/jsonassert/1.5.1/jsonassert-1.5.1.jar:/Users/ifeanyionyejekwe/.m2/repository/com/vaadin/external/google/android-json/0.0.20131108.vaadin1/android-json-0.0.20131108.vaadin1.jar:/Users/ifeanyionyejekwe/.m2/repository/org/springframework/spring-core/6.0.13/spring-core-6.0.13.jar:/Users/ifeanyionyejekwe/.m2/repository/org/springframework/spring-jcl/6.0.13/spring-jcl-6.0.13.jar:/Users/ifeanyionyejekwe/.m2/repository/org/springframework/spring-test/6.0.13/spring-test-6.0.13.jar:/Users/ifeanyionyejekwe/.m2/repository/org/xmlunit/xmlunit-core/2.9.1/xmlunit-core-2.9.1.jar:"/>
    <property name="java.vm.vendor" value="Homebrew"/>
    <property name="sun.arch.data.model" value="64"/>
    <property name="java.vendor.url" value="https://github.com/Homebrew/homebrew-core/issues"/>
    <property name="user.timezone" value="Europe/Berlin"/>
    <property name="org.jboss.logging.provider" value="slf4j"/>
    <property name="os.name" value="Mac OS X"/>
    <property name="java.vm.specification.version" value="18"/>
    <property name="sun.java.launcher" value="SUN_STANDARD"/>
    <property name="user.country" value="NG"/>
    <property name="sun.boot.library.path" value="/opt/homebrew/Cellar/openjdk/18.0.1.1/libexec/openjdk.jdk/Contents/Home/lib"/>
    <property name="sun.java.command" value="/Users/ifeanyionyejekwe/Downloads/take-home-challenge/target/surefire/surefirebooter-20231110093853827_3.jar /Users/ifeanyionyejekwe/Downloads/take-home-challenge/target/surefire 2023-11-10T09-38-53_781-jvmRun1 surefire-20231110093853827_1tmp surefire_0-20231110093853827_2tmp"/>
    <property name="http.nonProxyHosts" value="local|*.local|169.254/16|*.169.254/16"/>
    <property name="jdk.debug" value="release"/>
    <property name="surefire.test.class.path" value="/Users/ifeanyionyejekwe/Downloads/take-home-challenge/target/test-classes:/Users/ifeanyionyejekwe/Downloads/take-home-challenge/target/classes:/Users/ifeanyionyejekwe/.m2/repository/org/springframework/boot/spring-boot-starter-cache/3.1.5/spring-boot-starter-cache-3.1.5.jar:/Users/ifeanyionyejekwe/.m2/repository/org/springframework/boot/spring-boot-starter/3.1.5/spring-boot-starter-3.1.5.jar:/Users/ifeanyionyejekwe/.m2/repository/org/springframework/boot/spring-boot/3.1.5/spring-boot-3.1.5.jar:/Users/ifeanyionyejekwe/.m2/repository/org/springframework/boot/spring-boot-autoconfigure/3.1.5/spring-boot-autoconfigure-3.1.5.jar:/Users/ifeanyionyejekwe/.m2/repository/org/springframework/boot/spring-boot-starter-logging/3.1.5/spring-boot-starter-logging-3.1.5.jar:/Users/ifeanyionyejekwe/.m2/repository/ch/qos/logback/logback-classic/1.4.11/logback-classic-1.4.11.jar:/Users/ifeanyionyejekwe/.m2/repository/ch/qos/logback/logback-core/1.4.11/logback-core-1.4.11.jar:/Users/ifeanyionyejekwe/.m2/repository/org/apache/logging/log4j/log4j-to-slf4j/2.20.0/log4j-to-slf4j-2.20.0.jar:/Users/ifeanyionyejekwe/.m2/repository/org/apache/logging/log4j/log4j-api/2.20.0/log4j-api-2.20.0.jar:/Users/ifeanyionyejekwe/.m2/repository/org/slf4j/jul-to-slf4j/2.0.9/jul-to-slf4j-2.0.9.jar:/Users/ifeanyionyejekwe/.m2/repository/jakarta/annotation/jakarta.annotation-api/2.1.1/jakarta.annotation-api-2.1.1.jar:/Users/ifeanyionyejekwe/.m2/repository/org/yaml/snakeyaml/1.33/snakeyaml-1.33.jar:/Users/ifeanyionyejekwe/.m2/repository/org/springframework/spring-context-support/6.0.13/spring-context-support-6.0.13.jar:/Users/ifeanyionyejekwe/.m2/repository/org/springframework/spring-beans/6.0.13/spring-beans-6.0.13.jar:/Users/ifeanyionyejekwe/.m2/repository/org/springframework/spring-context/6.0.13/spring-context-6.0.13.jar:/Users/ifeanyionyejekwe/.m2/repository/org/springframework/spring-expression/6.0.13/spring-expression-6.0.13.jar:/Users/ifeanyionyejekwe/.m2/repository/org/springframework/boot/spring-boot-starter-data-redis/3.1.5/spring-boot-starter-data-redis-3.1.5.jar:/Users/ifeanyionyejekwe/.m2/repository/org/springframework/data/spring-data-redis/3.1.5/spring-data-redis-3.1.5.jar:/Users/ifeanyionyejekwe/.m2/repository/org/springframework/data/spring-data-keyvalue/3.1.5/spring-data-keyvalue-3.1.5.jar:/Users/ifeanyionyejekwe/.m2/repository/org/springframework/spring-tx/6.0.13/spring-tx-6.0.13.jar:/Users/ifeanyionyejekwe/.m2/repository/org/springframework/spring-oxm/6.0.13/spring-oxm-6.0.13.jar:/Users/ifeanyionyejekwe/.m2/repository/org/springframework/spring-aop/6.0.13/spring-aop-6.0.13.jar:/Users/ifeanyionyejekwe/.m2/repository/io/lettuce/lettuce-core/6.2.6.RELEASE/lettuce-core-6.2.6.RELEASE.jar:/Users/ifeanyionyejekwe/.m2/repository/io/netty/netty-common/4.1.100.Final/netty-common-4.1.100.Final.jar:/Users/ifeanyionyejekwe/.m2/repository/io/netty/netty-handler/4.1.100.Final/netty-handler-4.1.100.Final.jar:/Users/ifeanyionyejekwe/.m2/repository/io/netty/netty-resolver/4.1.100.Final/netty-resolver-4.1.100.Final.jar:/Users/ifeanyionyejekwe/.m2/repository/io/netty/netty-buffer/4.1.100.Final/netty-buffer-4.1.100.Final.jar:/Users/ifeanyionyejekwe/.m2/repository/io/netty/netty-transport-native-unix-common/4.1.100.Final/netty-transport-native-unix-common-4.1.100.Final.jar:/Users/ifeanyionyejekwe/.m2/repository/io/netty/netty-codec/4.1.100.Final/netty-codec-4.1.100.Final.jar:/Users/ifeanyionyejekwe/.m2/repository/io/netty/netty-transport/4.1.100.Final/netty-transport-4.1.100.Final.jar:/Users/ifeanyionyejekwe/.m2/repository/org/springframework/boot/spring-boot-starter-data-jpa/3.1.5/spring-boot-starter-data-jpa-3.1.5.jar:/Users/ifeanyionyejekwe/.m2/repository/org/springframework/boot/spring-boot-starter-aop/3.1.5/spring-boot-starter-aop-3.1.5.jar:/Users/ifeanyionyejekwe/.m2/repository/org/aspectj/aspectjweaver/1.9.20/aspectjweaver-1.9.20.jar:/Users/ifeanyionyejekwe/.m2/repository/org/springframework/boot/spring-boot-starter-jdbc/3.1.5/spring-boot-starter-jdbc-3.1.5.jar:/Users/ifeanyionyejekwe/.m2/repository/com/zaxxer/HikariCP/5.0.1/HikariCP-5.0.1.jar:/Users/ifeanyionyejekwe/.m2/repository/org/springframework/spring-jdbc/6.0.13/spring-jdbc-6.0.13.jar:/Users/ifeanyionyejekwe/.m2/repository/org/hibernate/orm/hibernate-core/6.2.13.Final/hibernate-core-6.2.13.Final.jar:/Users/ifeanyionyejekwe/.m2/repository/jakarta/persistence/jakarta.persistence-api/3.1.0/jakarta.persistence-api-3.1.0.jar:/Users/ifeanyionyejekwe/.m2/repository/jakarta/transaction/jakarta.transaction-api/2.0.1/jakarta.transaction-api-2.0.1.jar:/Users/ifeanyionyejekwe/.m2/repository/org/jboss/logging/jboss-logging/3.5.3.Final/jboss-logging-3.5.3.Final.jar:/Users/ifeanyionyejekwe/.m2/repository/org/hibernate/common/hibernate-commons-annotations/6.0.6.Final/hibernate-commons-annotations-6.0.6.Final.jar:/Users/ifeanyionyejekwe/.m2/repository/io/smallrye/jandex/3.0.5/jandex-3.0.5.jar:/Users/ifeanyionyejekwe/.m2/repository/com/fasterxml/classmate/1.5.1/classmate-1.5.1.jar:/Users/ifeanyionyejekwe/.m2/repository/net/bytebuddy/byte-buddy/1.14.9/byte-buddy-1.14.9.jar:/Users/ifeanyionyejekwe/.m2/repository/org/glassfish/jaxb/jaxb-runtime/4.0.3/jaxb-runtime-4.0.3.jar:/Users/ifeanyionyejekwe/.m2/repository/org/glassfish/jaxb/jaxb-core/4.0.3/jaxb-core-4.0.3.jar:/Users/ifeanyionyejekwe/.m2/repository/org/eclipse/angus/angus-activation/2.0.1/angus-activation-2.0.1.jar:/Users/ifeanyionyejekwe/.m2/repository/org/glassfish/jaxb/txw2/4.0.3/txw2-4.0.3.jar:/Users/ifeanyionyejekwe/.m2/repository/com/sun/istack/istack-commons-runtime/4.1.2/istack-commons-runtime-4.1.2.jar:/Users/ifeanyionyejekwe/.m2/repository/jakarta/inject/jakarta.inject-api/2.0.1/jakarta.inject-api-2.0.1.jar:/Users/ifeanyionyejekwe/.m2/repository/org/antlr/antlr4-runtime/4.10.1/antlr4-runtime-4.10.1.jar:/Users/ifeanyionyejekwe/.m2/repository/org/springframework/data/spring-data-jpa/3.1.5/spring-data-jpa-3.1.5.jar:/Users/ifeanyionyejekwe/.m2/repository/org/springframework/data/spring-data-commons/3.1.5/spring-data-commons-3.1.5.jar:/Users/ifeanyionyejekwe/.m2/repository/org/springframework/spring-orm/6.0.13/spring-orm-6.0.13.jar:/Users/ifeanyionyejekwe/.m2/repository/org/springframework/spring-aspects/6.0.13/spring-aspects-6.0.13.jar:/Users/ifeanyionyejekwe/.m2/repository/org/springframework/boot/spring-boot-starter-webflux/3.1.5/spring-boot-starter-webflux-3.1.5.jar:/Users/ifeanyionyejekwe/.m2/repository/org/springframework/boot/spring-boot-starter-json/3.1.5/spring-boot-starter-json-3.1.5.jar:/Users/ifeanyionyejekwe/.m2/repository/com/fasterxml/jackson/core/jackson-databind/2.15.3/jackson-databind-2.15.3.jar:/Users/ifeanyionyejekwe/.m2/repository/com/fasterxml/jackson/core/jackson-annotations/2.15.3/jackson-annotations-2.15.3.jar:/Users/ifeanyionyejekwe/.m2/repository/com/fasterxml/jackson/core/jackson-core/2.15.3/jackson-core-2.15.3.jar:/Users/ifeanyionyejekwe/.m2/repository/com/fasterxml/jackson/datatype/jackson-datatype-jdk8/2.15.3/jackson-datatype-jdk8-2.15.3.jar:/Users/ifeanyionyejekwe/.m2/repository/com/fasterxml/jackson/datatype/jackson-datatype-jsr310/2.15.3/jackson-datatype-jsr310-2.15.3.jar:/Users/ifeanyionyejekwe/.m2/repository/com/fasterxml/jackson/module/jackson-module-parameter-names/2.15.3/jackson-module-parameter-names-2.15.3.jar:/Users/ifeanyionyejekwe/.m2/repository/org/springframework/boot/spring-boot-starter-reactor-netty/3.1.5/spring-boot-starter-reactor-netty-3.1.5.jar:/Users/ifeanyionyejekwe/.m2/repository/io/projectreactor/netty/reactor-netty-http/1.1.12/reactor-netty-http-1.1.12.jar:/Users/ifeanyionyejekwe/.m2/repository/io/netty/netty-codec-http/4.1.100.Final/netty-codec-http-4.1.100.Final.jar:/Users/ifeanyionyejekwe/.m2/repository/io/netty/netty-codec-http2/4.1.100.Final/netty-codec-http2-4.1.100.Final.jar:/Users/ifeanyionyejekwe/.m2/repository/io/netty/netty-resolver-dns/4.1.100.Final/netty-resolver-dns-4.1.100.Final.jar:/Users/ifeanyionyejekwe/.m2/repository/io/netty/netty-codec-dns/4.1.100.Final/netty-codec-dns-4.1.100.Final.jar:/Users/ifeanyionyejekwe/.m2/repository/io/netty/netty-resolver-dns-native-macos/4.1.100.Final/netty-resolver-dns-native-macos-4.1.100.Final-osx-x86_64.jar:/Users/ifeanyionyejekwe/.m2/repository/io/netty/netty-resolver-dns-classes-macos/4.1.100.Final/netty-resolver-dns-classes-macos-4.1.100.Final.jar:/Users/ifeanyionyejekwe/.m2/repository/io/netty/netty-transport-native-epoll/4.1.100.Final/netty-transport-native-epoll-4.1.100.Final-linux-x86_64.jar:/Users/ifeanyionyejekwe/.m2/repository/io/netty/netty-transport-classes-epoll/4.1.100.Final/netty-transport-classes-epoll-4.1.100.Final.jar:/Users/ifeanyionyejekwe/.m2/repository/io/projectreactor/netty/reactor-netty-core/1.1.12/reactor-netty-core-1.1.12.jar:/Users/ifeanyionyejekwe/.m2/repository/io/netty/netty-handler-proxy/4.1.100.Final/netty-handler-proxy-4.1.100.Final.jar:/Users/ifeanyionyejekwe/.m2/repository/io/netty/netty-codec-socks/4.1.100.Final/netty-codec-socks-4.1.100.Final.jar:/Users/ifeanyionyejekwe/.m2/repository/org/springframework/spring-web/6.0.13/spring-web-6.0.13.jar:/Users/ifeanyionyejekwe/.m2/repository/io/micrometer/micrometer-observation/1.11.5/micrometer-observation-1.11.5.jar:/Users/ifeanyionyejekwe/.m2/repository/io/micrometer/micrometer-commons/1.11.5/micrometer-commons-1.11.5.jar:/Users/ifeanyionyejekwe/.m2/repository/org/springframework/spring-webflux/6.0.13/spring-webflux-6.0.13.jar:/Users/ifeanyionyejekwe/.m2/repository/io/projectreactor/reactor-test/3.5.11/reactor-test-3.5.11.jar:/Users/ifeanyionyejekwe/.m2/repository/io/projectreactor/reactor-core/3.5.11/reactor-core-3.5.11.jar:/Users/ifeanyionyejekwe/.m2/repository/org/reactivestreams/reactive-streams/1.0.4/reactive-streams-1.0.4.jar:/Users/ifeanyionyejekwe/.m2/repository/com/h2database/h2/2.1.214/h2-2.1.214.jar:/Users/ifeanyionyejekwe/.m2/repository/io/github/resilience4j/resilience4j-spring-boot3/2.1.0/resilience4j-spring-boot3-2.1.0.jar:/Users/ifeanyionyejekwe/.m2/repository/io/github/resilience4j/resilience4j-spring6/2.1.0/resilience4j-spring6-2.1.0.jar:/Users/ifeanyionyejekwe/.m2/repository/io/github/resilience4j/resilience4j-annotations/2.1.0/resilience4j-annotations-2.1.0.jar:/Users/ifeanyionyejekwe/.m2/repository/io/github/resilience4j/resilience4j-consumer/2.1.0/resilience4j-consumer-2.1.0.jar:/Users/ifeanyionyejekwe/.m2/repository/io/github/resilience4j/resilience4j-circularbuffer/2.1.0/resilience4j-circularbuffer-2.1.0.jar:/Users/ifeanyionyejekwe/.m2/repository/io/github/resilience4j/resilience4j-framework-common/2.1.0/resilience4j-framework-common-2.1.0.jar:/Users/ifeanyionyejekwe/.m2/repository/org/slf4j/slf4j-api/2.0.9/slf4j-api-2.0.9.jar:/Users/ifeanyionyejekwe/.m2/repository/io/github/resilience4j/resilience4j-micrometer/2.1.0/resilience4j-micrometer-2.1.0.jar:/Users/ifeanyionyejekwe/.m2/repository/io/micrometer/micrometer-core/1.11.5/micrometer-core-1.11.5.jar:/Users/ifeanyionyejekwe/.m2/repository/org/hdrhistogram/HdrHistogram/2.1.12/HdrHistogram-2.1.12.jar:/Users/ifeanyionyejekwe/.m2/repository/org/latencyutils/LatencyUtils/2.0.3/LatencyUtils-2.0.3.jar:/Users/ifeanyionyejekwe/.m2/repository/io/github/resilience4j/resilience4j-circuitbreaker/2.1.0/resilience4j-circuitbreaker-2.1.0.jar:/Users/ifeanyionyejekwe/.m2/repository/io/github/resilience4j/resilience4j-core/2.1.0/resilience4j-core-2.1.0.jar:/Users/ifeanyionyejekwe/.m2/repository/io/github/resilience4j/resilience4j-reactor/2.1.0/resilience4j-reactor-2.1.0.jar:/Users/ifeanyionyejekwe/.m2/repository/io/github/resilience4j/resilience4j-ratelimiter/2.1.0/resilience4j-ratelimiter-2.1.0.jar:/Users/ifeanyionyejekwe/.m2/repository/io/github/resilience4j/resilience4j-timelimiter/2.1.0/resilience4j-timelimiter-2.1.0.jar:/Users/ifeanyionyejekwe/.m2/repository/io/github/resilience4j/resilience4j-bulkhead/2.1.0/resilience4j-bulkhead-2.1.0.jar:/Users/ifeanyionyejekwe/.m2/repository/io/github/resilience4j/resilience4j-retry/2.1.0/resilience4j-retry-2.1.0.jar:/Users/ifeanyionyejekwe/.m2/repository/org/projectlombok/lombok/1.18.30/lombok-1.18.30.jar:/Users/ifeanyionyejekwe/.m2/repository/org/springframework/boot/spring-boot-starter-test/3.1.5/spring-boot-starter-test-3.1.5.jar:/Users/ifeanyionyejekwe/.m2/repository/org/springframework/boot/spring-boot-test/3.1.5/spring-boot-test-3.1.5.jar:/Users/ifeanyionyejekwe/.m2/repository/org/springframework/boot/spring-boot-test-autoconfigure/3.1.5/spring-boot-test-autoconfigure-3.1.5.jar:/Users/ifeanyionyejekwe/.m2/repository/com/jayway/jsonpath/json-path/2.8.0/json-path-2.8.0.jar:/Users/ifeanyionyejekwe/.m2/repository/jakarta/xml/bind/jakarta.xml.bind-api/4.0.1/jakarta.xml.bind-api-4.0.1.jar:/Users/ifeanyionyejekwe/.m2/repository/jakarta/activation/jakarta.activation-api/2.1.2/jakarta.activation-api-2.1.2.jar:/Users/ifeanyionyejekwe/.m2/repository/net/minidev/json-smart/2.4.11/json-smart-2.4.11.jar:/Users/ifeanyionyejekwe/.m2/repository/net/minidev/accessors-smart/2.4.11/accessors-smart-2.4.11.jar:/Users/ifeanyionyejekwe/.m2/repository/org/ow2/asm/asm/9.3/asm-9.3.jar:/Users/ifeanyionyejekwe/.m2/repository/org/assertj/assertj-core/3.24.2/assertj-core-3.24.2.jar:/Users/ifeanyionyejekwe/.m2/repository/org/hamcrest/hamcrest/2.2/hamcrest-2.2.jar:/Users/ifeanyionyejekwe/.m2/repository/org/junit/jupiter/junit-jupiter/5.9.3/junit-jupiter-5.9.3.jar:/Users/ifeanyionyejekwe/.m2/repository/org/junit/jupiter/junit-jupiter-api/5.9.3/junit-jupiter-api-5.9.3.jar:/Users/ifeanyionyejekwe/.m2/repository/org/opentest4j/opentest4j/1.2.0/opentest4j-1.2.0.jar:/Users/ifeanyionyejekwe/.m2/repository/org/junit/platform/junit-platform-commons/1.9.3/junit-platform-commons-1.9.3.jar:/Users/ifeanyionyejekwe/.m2/repository/org/apiguardian/apiguardian-api/1.1.2/apiguardian-api-1.1.2.jar:/Users/ifeanyionyejekwe/.m2/repository/org/junit/jupiter/junit-jupiter-params/5.9.3/junit-jupiter-params-5.9.3.jar:/Users/ifeanyionyejekwe/.m2/repository/org/junit/jupiter/junit-jupiter-engine/5.9.3/junit-jupiter-engine-5.9.3.jar:/Users/ifeanyionyejekwe/.m2/repository/org/junit/platform/junit-platform-engine/1.9.3/junit-platform-engine-1.9.3.jar:/Users/ifeanyionyejekwe/.m2/repository/org/mockito/mockito-core/5.3.1/mockito-core-5.3.1.jar:/Users/ifeanyionyejekwe/.m2/repository/net/bytebuddy/byte-buddy-agent/1.14.9/byte-buddy-agent-1.14.9.jar:/Users/ifeanyionyejekwe/.m2/repository/org/objenesis/objenesis/3.3/objenesis-3.3.jar:/Users/ifeanyionyejekwe/.m2/repository/org/mockito/mockito-junit-jupiter/5.3.1/mockito-junit-jupiter-5.3.1.jar:/Users/ifeanyionyejekwe/.m2/repository/org/skyscreamer/jsonassert/1.5.1/jsonassert-1.5.1.jar:/Users/ifeanyionyejekwe/.m2/repository/com/vaadin/external/google/android-json/0.0.20131108.vaadin1/android-json-0.0.20131108.vaadin1.jar:/Users/ifeanyionyejekwe/.m2/repository/org/springframework/spring-core/6.0.13/spring-core-6.0.13.jar:/Users/ifeanyionyejekwe/.m2/repository/org/springframework/spring-jcl/6.0.13/spring-jcl-6.0.13.jar:/Users/ifeanyionyejekwe/.m2/repository/org/springframework/spring-test/6.0.13/spring-test-6.0.13.jar:/Users/ifeanyionyejekwe/.m2/repository/org/xmlunit/xmlunit-core/2.9.1/xmlunit-core-2.9.1.jar:"/>
    <property name="sun.cpu.endian" value="little"/>
    <property name="user.home" value="/Users/ifeanyionyejekwe"/>
    <property name="user.language" value="en"/>
    <property name="java.specification.vendor" value="Oracle Corporation"/>
    <property name="java.version.date" value="2022-04-22"/>
    <property name="java.home" value="/opt/homebrew/Cellar/openjdk/18.0.1.1/libexec/openjdk.jdk/Contents/Home"/>
    <property name="file.separator" value="/"/>
    <property name="basedir" value="/Users/ifeanyionyejekwe/Downloads/take-home-challenge"/>
    <property name="java.vm.compressedOopsMode" value="Zero based"/>
    <property name="line.separator" value="&#10;"/>
    <property name="java.vm.specification.vendor" value="Oracle Corporation"/>
    <property name="java.specification.name" value="Java Platform API Specification"/>
    <property name="FILE_LOG_CHARSET" value="UTF-8"/>
    <property name="java.awt.headless" value="true"/>
    <property name="apple.awt.application.name" value="ForkedBooter"/>
    <property name="surefire.real.class.path" value="/Users/ifeanyionyejekwe/Downloads/take-home-challenge/target/surefire/surefirebooter-20231110093853827_3.jar"/>
    <property name="sun.management.compiler" value="HotSpot 64-Bit Tiered Compilers"/>
    <property name="ftp.nonProxyHosts" value="local|*.local|169.254/16|*.169.254/16"/>
    <property name="java.runtime.version" value="18.0.1.1+0"/>
    <property name="user.name" value="ifeanyionyejekwe"/>
    <property name="path.separator" value=":"/>
    <property name="os.version" value="13.4.1"/>
    <property name="java.runtime.name" value="OpenJDK Runtime Environment"/>
    <property name="file.encoding" value="UTF-8"/>
    <property name="java.vm.name" value="OpenJDK 64-Bit Server VM"/>
    <property name="java.vendor.version" value="Homebrew"/>
    <property name="localRepository" value="/Users/ifeanyionyejekwe/.m2/repository"/>
    <property name="java.vendor.url.bug" value="https://github.com/Homebrew/homebrew-core/issues"/>
    <property name="java.io.tmpdir" value="/var/folders/mf/gn8hc2wx7c959q88jdpxkccm0000gn/T/"/>
    <property name="com.zaxxer.hikari.pool_number" value="2"/>
    <property name="java.version" value="18.0.1.1"/>
    <property name="user.dir" value="/Users/ifeanyionyejekwe/Downloads/take-home-challenge"/>
    <property name="os.arch" value="aarch64"/>
    <property name="java.vm.specification.name" value="Java Virtual Machine Specification"/>
    <property name="PID" value="70559"/>
    <property name="CONSOLE_LOG_CHARSET" value="UTF-8"/>
    <property name="native.encoding" value="UTF-8"/>
    <property name="java.library.path" value="/Users/ifeanyionyejekwe/Library/Java/Extensions:/Library/Java/Extensions:/Network/Library/Java/Extensions:/System/Library/Java/Extensions:/usr/lib/java:."/>
    <property name="java.vm.info" value="mixed mode, sharing"/>
    <property name="java.vendor" value="Homebrew"/>
    <property name="java.vm.version" value="18.0.1.1+0"/>
    <property name="sun.io.unicode.encoding" value="UnicodeBig"/>
    <property name="socksNonProxyHosts" value="local|*.local|169.254/16|*.169.254/16"/>
    <property name="java.class.version" value="62.0"/>
  </properties>
  <testcase name="whenGetPopularRepositoriesWithInvalidParameters_thenClientError" classname="com.redpharm.takehomechallenge.integration_tests.GitHubIntegrationTest" time="0.162">
    <system-out><![CDATA[2023-11-10T09:38:57.370+01:00  INFO 70559 --- [           main] t.c.s.AnnotationConfigContextLoaderUtils : Could not detect default configuration classes for test class [com.redpharm.takehomechallenge.integration_tests.GitHubIntegrationTest]: GitHubIntegrationTest does not declare any static, non-private, non-final, nested classes annotated with @Configuration.
2023-11-10T09:38:57.377+01:00  INFO 70559 --- [           main] .b.t.c.SpringBootTestContextBootstrapper : Found @SpringBootConfiguration com.redpharm.takehomechallenge.TakeHomeChallengeApplication for test class com.redpharm.takehomechallenge.integration_tests.GitHubIntegrationTest

  .   ____          _            __ _ _
 /\\ / ___'_ __ _ _(_)_ __  __ _ \ \ \ \
( ( )\___ | '_ | '_| | '_ \/ _` | \ \ \ \
 \\/  ___)| |_)| | | | | || (_| |  ) ) ) )
  '  |____| .__|_| |_|_| |_\__, | / / / /
 =========|_|==============|___/=/_/_/_/
 :: Spring Boot ::                (v3.1.5)

2023-11-10T09:38:57.405+01:00  INFO 70559 --- [           main] c.r.t.i.GitHubIntegrationTest            : Starting GitHubIntegrationTest using Java 18.0.1.1 with PID 70559 (started by ifeanyionyejekwe in /Users/ifeanyionyejekwe/Downloads/take-home-challenge)
2023-11-10T09:38:57.405+01:00  INFO 70559 --- [           main] c.r.t.i.GitHubIntegrationTest            : No active profile set, falling back to 1 default profile: "default"
2023-11-10T09:38:57.523+01:00  INFO 70559 --- [           main] .s.d.r.c.RepositoryConfigurationDelegate : Multiple Spring Data modules found, entering strict repository configuration mode
2023-11-10T09:38:57.524+01:00  INFO 70559 --- [           main] .s.d.r.c.RepositoryConfigurationDelegate : Bootstrapping Spring Data JPA repositories in DEFAULT mode.
2023-11-10T09:38:57.526+01:00  INFO 70559 --- [           main] .s.d.r.c.RepositoryConfigurationDelegate : Finished Spring Data repository scanning in 2 ms. Found 0 JPA repository interfaces.
2023-11-10T09:38:57.529+01:00  INFO 70559 --- [           main] .s.d.r.c.RepositoryConfigurationDelegate : Multiple Spring Data modules found, entering strict repository configuration mode
2023-11-10T09:38:57.529+01:00  INFO 70559 --- [           main] .s.d.r.c.RepositoryConfigurationDelegate : Bootstrapping Spring Data Redis repositories in DEFAULT mode.
2023-11-10T09:38:57.531+01:00  INFO 70559 --- [           main] .s.d.r.c.RepositoryConfigurationDelegate : Finished Spring Data repository scanning in 1 ms. Found 0 Redis repository interfaces.
2023-11-10T09:38:57.675+01:00  INFO 70559 --- [           main] com.zaxxer.hikari.HikariDataSource       : HikariPool-2 - Starting...
2023-11-10T09:38:57.677+01:00  INFO 70559 --- [           main] com.zaxxer.hikari.pool.HikariPool        : HikariPool-2 - Added connection conn10: url=jdbc:h2:mem:74f1a969-2412-48f8-a40a-f5e23f1fed39 user=SA
2023-11-10T09:38:57.677+01:00  INFO 70559 --- [           main] com.zaxxer.hikari.HikariDataSource       : HikariPool-2 - Start completed.
2023-11-10T09:38:57.678+01:00  INFO 70559 --- [           main] o.hibernate.jpa.internal.util.LogHelper  : HHH000204: Processing PersistenceUnitInfo [name: default]
2023-11-10T09:38:57.680+01:00  INFO 70559 --- [           main] o.s.o.j.p.SpringPersistenceUnitInfo      : No LoadTimeWeaver setup: ignoring JPA class transformer
2023-11-10T09:38:57.685+01:00  INFO 70559 --- [           main] o.h.e.t.j.p.i.JtaPlatformInitiator       : HHH000489: No JTA platform available (set 'hibernate.transaction.jta.platform' to enable JTA platform integration)
2023-11-10T09:38:57.685+01:00  INFO 70559 --- [           main] j.LocalContainerEntityManagerFactoryBean : Initialized JPA EntityManagerFactory for persistence unit 'default'
2023-11-10T09:38:57.850+01:00 DEBUG 70559 --- [           main] s.w.r.r.m.a.RequestMappingHandlerMapping : 1 mappings in 'requestMappingHandlerMapping'
2023-11-10T09:38:57.865+01:00 DEBUG 70559 --- [           main] o.s.w.r.handler.SimpleUrlHandlerMapping  : Patterns [/webjars/**, /**] in 'resourceHandlerMapping'
2023-11-10T09:38:57.873+01:00 DEBUG 70559 --- [           main] o.s.w.r.r.m.a.ControllerMethodResolver   : ControllerAdvice beans: 0 @ModelAttribute, 0 @InitBinder, 1 @ExceptionHandler
2023-11-10T09:38:57.888+01:00 DEBUG 70559 --- [           main] o.s.w.s.adapter.HttpWebHandlerAdapter    : enableLoggingRequestDetails='false': form data and headers will be masked to prevent unsafe logging of potentially sensitive data
2023-11-10T09:38:58.216+01:00  INFO 70559 --- [           main] o.s.b.web.embedded.netty.NettyWebServer  : Netty started on port 54840
2023-11-10T09:38:58.220+01:00  INFO 70559 --- [           main] c.r.t.i.GitHubIntegrationTest            : Started GitHubIntegrationTest in 0.84 seconds (process running for 4.344)
2023-11-10T09:38:58.262+01:00 DEBUG 70559 --- [           main] o.s.web.client.RestTemplate              : HTTP GET http://localhost:54840/api/github/repositories?count=invalid
2023-11-10T09:38:58.265+01:00 DEBUG 70559 --- [           main] o.s.web.client.RestTemplate              : Accept=[text/plain, application/json, application/*+json, */*]
2023-11-10T09:38:58.316+01:00 DEBUG 70559 --- [ctor-http-nio-2] o.s.w.s.adapter.HttpWebHandlerAdapter    : [ab0d2e34-1] HTTP GET "/api/github/repositories?count=invalid"
2023-11-10T09:38:58.324+01:00 DEBUG 70559 --- [ctor-http-nio-2] s.w.r.r.m.a.RequestMappingHandlerMapping : [ab0d2e34-1] Mapped to com.redpharm.takehomechallenge.controller.GitHubController#getPopularRepositories(int, String, LocalDate)
2023-11-10T09:38:58.341+01:00 DEBUG 70559 --- [ctor-http-nio-2] o.s.web.method.HandlerMethod             : [ab0d2e34-1] Could not resolve parameter [0] in public reactor.core.publisher.Mono<org.springframework.http.ResponseEntity<com.redpharm.takehomechallenge.contract.GitResponseDTO>> com.redpharm.takehomechallenge.controller.GitHubController.getPopularRepositories(int,java.lang.String,java.time.LocalDate): 400 BAD_REQUEST "Type mismatch."
2023-11-10T09:38:58.352+01:00 DEBUG 70559 --- [ctor-http-nio-2] org.springframework.web.HttpLogging      : [ab0d2e34-1] Resolved [ServerWebInputException: 400 BAD_REQUEST "Type mismatch."] for HTTP GET /api/github/repositories
2023-11-10T09:38:58.368+01:00 DEBUG 70559 --- [ctor-http-nio-2] org.springframework.web.HttpLogging      : [ab0d2e34-1] Encoding [{timestamp=Fri Nov 10 09:38:58 CET 2023, path=/api/github/repositories, status=400, error=Bad Reques (truncated)...]
2023-11-10T09:38:58.390+01:00 DEBUG 70559 --- [ctor-http-nio-2] o.s.w.s.adapter.HttpWebHandlerAdapter    : [ab0d2e34-1] Completed 400 BAD_REQUEST
2023-11-10T09:38:58.390+01:00 DEBUG 70559 --- [           main] o.s.web.client.RestTemplate              : Response 400 BAD_REQUEST
2023-11-10T09:38:58.391+01:00 DEBUG 70559 --- [           main] o.s.web.client.RestTemplate              : Reading to [java.lang.String] as "application/json"
]]></system-out>
  </testcase>
  <testcase name="whenGetPopularRepositories_thenStatus200" classname="com.redpharm.takehomechallenge.integration_tests.GitHubIntegrationTest" time="1.638">
    <system-out><![CDATA[2023-11-10T09:38:58.397+01:00 DEBUG 70559 --- [           main] o.s.web.client.RestTemplate              : HTTP GET http://localhost:54840/api/github/repositories?count=10
2023-11-10T09:38:58.398+01:00 DEBUG 70559 --- [           main] o.s.web.client.RestTemplate              : Accept=[text/plain, application/json, application/*+json, */*]
2023-11-10T09:38:58.398+01:00 DEBUG 70559 --- [ctor-http-nio-2] o.s.w.s.adapter.HttpWebHandlerAdapter    : [ab0d2e34-2] HTTP GET "/api/github/repositories?count=10"
2023-11-10T09:38:58.399+01:00 DEBUG 70559 --- [ctor-http-nio-2] s.w.r.r.m.a.RequestMappingHandlerMapping : [ab0d2e34-2] Mapped to com.redpharm.takehomechallenge.controller.GitHubController#getPopularRepositories(int, String, LocalDate)
2023-11-10T09:38:58.718+01:00 DEBUG 70559 --- [ctor-http-nio-2] o.s.w.r.f.client.ExchangeFunctions       : [caddc30] HTTP GET https://api.github.com/search/repositories?sort=stars&order=desc&per_page=10&q=created:%3E1970-01-01
2023-11-10T09:38:59.864+01:00 DEBUG 70559 --- [ctor-http-nio-2] o.s.w.r.f.client.ExchangeFunctions       : [caddc30] [ad0f2477-1] Response 200 OK
2023-11-10T09:38:59.924+01:00 DEBUG 70559 --- [ctor-http-nio-2] org.springframework.web.HttpLogging      : [caddc30] [ad0f2477-1] Decoded [com.redpharm.takehomechallenge.contract.GitResponseDTO@66332482]
2023-11-10T09:39:00.007+01:00 DEBUG 70559 --- [ctor-http-nio-2] .s.w.r.r.m.a.ResponseEntityResultHandler : [ab0d2e34-2] Using 'application/json' given [text/plain, application/json, application/*+json, */*] and supported [application/json, application/*+json, application/x-ndjson, text/event-stream]
2023-11-10T09:39:00.008+01:00 DEBUG 70559 --- [ctor-http-nio-2] .s.w.r.r.m.a.ResponseEntityResultHandler : [ab0d2e34-2] 0..1 [com.redpharm.takehomechallenge.contract.GitResponseDTO]
2023-11-10T09:39:00.010+01:00 DEBUG 70559 --- [ctor-http-nio-2] org.springframework.web.HttpLogging      : [ab0d2e34-2] Encoding [com.redpharm.takehomechallenge.contract.GitResponseDTO@66332482]
2023-11-10T09:39:00.018+01:00 DEBUG 70559 --- [           main] o.s.web.client.RestTemplate              : Response 200 OK
2023-11-10T09:39:00.018+01:00 DEBUG 70559 --- [ctor-http-nio-2] o.s.w.s.adapter.HttpWebHandlerAdapter    : [ab0d2e34-2] Completed 200 OK
2023-11-10T09:39:00.019+01:00 DEBUG 70559 --- [           main] o.s.web.client.RestTemplate              : Reading to [java.lang.String] as "application/json"
]]></system-out>
  </testcase>
  <testcase name="whenGetPopularRepositories_thenResponseBodyIsCorrect" classname="com.redpharm.takehomechallenge.integration_tests.GitHubIntegrationTest" time="0.052">
    <system-out><![CDATA[2023-11-10T09:39:00.038+01:00 DEBUG 70559 --- [           main] o.s.web.client.RestTemplate              : HTTP GET http://localhost:54840/api/github/repositories?count=10
2023-11-10T09:39:00.038+01:00 DEBUG 70559 --- [           main] o.s.web.client.RestTemplate              : Accept=[text/plain, application/json, application/*+json, */*]
2023-11-10T09:39:00.039+01:00 DEBUG 70559 --- [ctor-http-nio-2] o.s.w.s.adapter.HttpWebHandlerAdapter    : [ab0d2e34-3] HTTP GET "/api/github/repositories?count=10"
2023-11-10T09:39:00.039+01:00 DEBUG 70559 --- [ctor-http-nio-2] s.w.r.r.m.a.RequestMappingHandlerMapping : [ab0d2e34-3] Mapped to com.redpharm.takehomechallenge.controller.GitHubController#getPopularRepositories(int, String, LocalDate)
2023-11-10T09:39:00.082+01:00 DEBUG 70559 --- [ctor-http-nio-2] .s.w.r.r.m.a.ResponseEntityResultHandler : [ab0d2e34-3] Using 'application/json' given [text/plain, application/json, application/*+json, */*] and supported [application/json, application/*+json, application/x-ndjson, text/event-stream]
2023-11-10T09:39:00.082+01:00 DEBUG 70559 --- [ctor-http-nio-2] .s.w.r.r.m.a.ResponseEntityResultHandler : [ab0d2e34-3] 0..1 [com.redpharm.takehomechallenge.contract.GitResponseDTO]
2023-11-10T09:39:00.083+01:00 DEBUG 70559 --- [ctor-http-nio-2] org.springframework.web.HttpLogging      : [ab0d2e34-3] Encoding [com.redpharm.takehomechallenge.contract.GitResponseDTO@2cffd7ce]
2023-11-10T09:39:00.084+01:00 DEBUG 70559 --- [ctor-http-nio-2] o.s.w.s.adapter.HttpWebHandlerAdapter    : [ab0d2e34-3] Completed 200 OK
2023-11-10T09:39:00.084+01:00 DEBUG 70559 --- [           main] o.s.web.client.RestTemplate              : Response 200 OK
2023-11-10T09:39:00.084+01:00 DEBUG 70559 --- [           main] o.s.web.client.RestTemplate              : Reading to [java.lang.String] as "application/json"
]]></system-out>
  </testcase>
</testsuite>